Build started 29.07.2015 07:15:58.
     1>Project "G:\Development\StormLib\StormLib_dll.vcxproj" on node 2 (Build target(s)).
     1>ClCompile:
         C:\Program Files (x86)\Microsoft Visual Studio 14.0\VC\bin\CL.exe /c /Zi /nologo /W1 /WX- /O2 /Oy- /GL /D WIN32 /D NDEBUG /D _WINDOWS /D _USRDLL /D _WINDLL /D _MBCS /Gm- /EHsc /MT /GS /fp:precise /Zc:wchar_t /Zc:forScope /Zc:inline /Fo"./bin/StormLib_dll/Win32/Release\\" /Fd"./bin/StormLib_dll/Win32/Release\vc140.pdb" /Gd /TC /analyze- /errorReport:prompt src\libtomcrypt\src\pk\asn1\der_encode_bit_string.c src\libtomcrypt\src\pk\asn1\der_encode_boolean.c src\libtomcrypt\src\pk\asn1\der_encode_ia5_string.c src\libtomcrypt\src\pk\asn1\der_encode_integer.c src\libtomcrypt\src\pk\asn1\der_encode_object_identifier.c src\libtomcrypt\src\pk\asn1\der_encode_octet_string.c src\libtomcrypt\src\pk\asn1\der_encode_printable_string.c src\libtomcrypt\src\pk\asn1\der_encode_sequence_ex.c src\libtomcrypt\src\pk\asn1\der_encode_sequence_multi.c src\libtomcrypt\src\pk\asn1\der_encode_set.c src\libtomcrypt\src\pk\asn1\der_encode_setof.c src\libtomcrypt\src\pk\asn1\der_encode_short_integer.c src\libtomcrypt\src\pk\asn1\der_encode_utctime.c src\libtomcrypt\src\pk\asn1\der_encode_utf8_string.c src\libtomcrypt\src\pk\pkcs1\pkcs_1_pss_encode.c src\libtomcrypt\src\pk\pkcs1\pkcs_1_v1_5_encode.c src\libtomcrypt\src\pk\rsa\rsa_sign_hash.c src\bzip2\blocksort.c src\bzip2\bzlib.c src\bzip2\compress.c src\bzip2\crctable.c src\bzip2\decompress.c src\bzip2\huffman.c src\bzip2\randtable.c src\libtomcrypt\src\hashes\hash_memory.c src\libtomcrypt\src\hashes\md5.c src\libtomcrypt\src\hashes\sha1.c src\libtomcrypt\src\math\ltm_desc.c src\libtomcrypt\src\math\multi.c src\libtomcrypt\src\math\rand_prime.c src\libtomcrypt\src\misc\base64_decode.c src\libtomcrypt\src\misc\crypt_argchk.c src\libtomcrypt\src\misc\crypt_find_hash.c src\libtomcrypt\src\misc\crypt_find_prng.c src\libtomcrypt\src\misc\crypt_hash_descriptor.c src\libtomcrypt\src\misc\crypt_hash_is_valid.c src\libtomcrypt\src\misc\crypt_libc.c src\libtomcrypt\src\misc\crypt_ltc_mp_descriptor.c src\libtomcrypt\src\misc\crypt_prng_descriptor.c src\libtomcrypt\src\misc\crypt_prng_is_valid.c src\libtomcrypt\src\misc\crypt_register_hash.c src\libtomcrypt\src\misc\crypt_register_prng.c src\libtomcrypt\src\misc\zeromem.c src\libtomcrypt\src\pk\asn1\der_decode_bit_string.c src\libtomcrypt\src\pk\asn1\der_decode_boolean.c src\libtomcrypt\src\pk\asn1\der_decode_choice.c src\libtomcrypt\src\pk\asn1\der_decode_ia5_string.c src\libtomcrypt\src\pk\asn1\der_decode_integer.c src\libtomcrypt\src\pk\asn1\der_decode_object_identifier.c src\libtomcrypt\src\pk\asn1\der_decode_octet_string.c src\libtomcrypt\src\pk\asn1\der_decode_printable_string.c src\libtomcrypt\src\pk\asn1\der_decode_sequence_ex.c src\libtomcrypt\src\pk\asn1\der_decode_sequence_flexi.c src\libtomcrypt\src\pk\asn1\der_decode_sequence_multi.c src\libtomcrypt\src\pk\asn1\der_decode_short_integer.c src\libtomcrypt\src\pk\asn1\der_decode_utctime.c src\libtomcrypt\src\pk\asn1\der_decode_utf8_string.c src\libtomcrypt\src\pk\asn1\der_length_bit_string.c src\libtomcrypt\src\pk\asn1\der_length_boolean.c src\libtomcrypt\src\pk\asn1\der_length_ia5_string.c src\libtomcrypt\src\pk\asn1\der_length_integer.c src\libtomcrypt\src\pk\asn1\der_length_object_identifier.c src\libtomcrypt\src\pk\asn1\der_length_octet_string.c src\libtomcrypt\src\pk\asn1\der_length_printable_string.c src\libtomcrypt\src\pk\asn1\der_length_sequence.c src\libtomcrypt\src\pk\asn1\der_length_short_integer.c src\libtomcrypt\src\pk\asn1\der_length_utctime.c src\libtomcrypt\src\pk\asn1\der_length_utf8_string.c src\libtomcrypt\src\pk\asn1\der_sequence_free.c src\libtomcrypt\src\pk\ecc\ltc_ecc_map.c src\libtomcrypt\src\pk\ecc\ltc_ecc_mul2add.c src\libtomcrypt\src\pk\ecc\ltc_ecc_mulmod.c src\libtomcrypt\src\pk\ecc\ltc_ecc_points.c src\libtomcrypt\src\pk\ecc\ltc_ecc_projective_add_point.c src\libtomcrypt\src\pk\ecc\ltc_ecc_projective_dbl_point.c src\libtomcrypt\src\pk\pkcs1\pkcs_1_mgf1.c src\libtomcrypt\src\pk\pkcs1\pkcs_1_oaep_decode.c src\libtomcrypt\src\pk\pkcs1\pkcs_1_pss_decode.c src\libtomcrypt\src\pk\pkcs1\pkcs_1_v1_5_decode.c src\libtomcrypt\src\pk\rsa\rsa_exptmod.c src\libtomcrypt\src\pk\rsa\rsa_free.c src\libtomcrypt\src\pk\rsa\rsa_import.c src\libtomcrypt\src\pk\rsa\rsa_make_key.c src\libtomcrypt\src\pk\rsa\rsa_verify_hash.c src\libtomcrypt\src\pk\rsa\rsa_verify_simple.c src\libtommath\bn_fast_mp_invmod.c src\libtommath\bn_fast_mp_montgomery_reduce.c src\libtommath\bn_fast_s_mp_mul_digs.c src\libtommath\bn_fast_s_mp_mul_high_digs.c src\libtommath\bn_fast_s_mp_sqr.c src\libtommath\bn_mp_2expt.c src\libtommath\bn_mp_abs.c src\libtommath\bn_mp_add.c src\libtommath\bn_mp_add_d.c src\libtommath\bn_mp_addmod.c src\libtommath\bn_mp_and.c src\libtommath\bn_mp_clamp.c src\libtommath\bn_mp_clear.c src\libtommath\bn_mp_clear_multi.c src\libtommath\bn_mp_cmp.c src\libtommath\bn_mp_cmp_d.c src\libtommath\bn_mp_cmp_mag.c src\libtommath\bn_mp_cnt_lsb.c src\libtommath\bn_mp_copy.c src\libtommath\bn_mp_count_bits.c src\libtommath\bn_mp_div.c src\libtommath\bn_mp_div_2.c src\libtommath\bn_mp_div_2d.c src\libtommath\bn_mp_div_3.c src\libtommath\bn_mp_div_d.c src\libtommath\bn_mp_dr_is_modulus.c src\libtommath\bn_mp_dr_reduce.c src\libtommath\bn_mp_dr_setup.c src\libtommath\bn_mp_exch.c src\libtommath\bn_mp_expt_d.c src\libtommath\bn_mp_exptmod.c src\libtommath\bn_mp_exptmod_fast.c src\libtommath\bn_mp_exteuclid.c src\libtommath\bn_mp_fread.c src\libtommath\bn_mp_fwrite.c src\libtommath\bn_mp_gcd.c src\libtommath\bn_mp_get_int.c src\libtommath\bn_mp_grow.c src\libtommath\bn_mp_init.c src\libtommath\bn_mp_init_copy.c src\libtommath\bn_mp_init_multi.c src\libtommath\bn_mp_init_set.c src\libtommath\bn_mp_init_set_int.c src\libtommath\bn_mp_init_size.c src\libtommath\bn_mp_invmod.c src\libtommath\bn_mp_invmod_slow.c src\libtommath\bn_mp_is_square.c src\libtommath\bn_mp_jacobi.c src\libtommath\bn_mp_karatsuba_mul.c src\libtommath\bn_mp_karatsuba_sqr.c src\libtommath\bn_mp_lcm.c src\libtommath\bn_mp_lshd.c src\libtommath\bn_mp_mod.c src\libtommath\bn_mp_mod_2d.c src\libtommath\bn_mp_mod_d.c src\libtommath\bn_mp_montgomery_calc_normalization.c src\libtommath\bn_mp_montgomery_reduce.c src\libtommath\bn_mp_montgomery_setup.c src\libtommath\bn_mp_mul.c src\libtommath\bn_mp_mul_2.c src\libtommath\bn_mp_mul_2d.c src\libtommath\bn_mp_mul_d.c src\libtommath\bn_mp_mulmod.c src\libtommath\bn_mp_n_root.c src\libtommath\bn_mp_neg.c src\libtommath\bn_mp_or.c src\libtommath\bn_mp_prime_fermat.c src\libtommath\bn_mp_prime_is_divisible.c src\libtommath\bn_mp_prime_is_prime.c src\libtommath\bn_mp_prime_miller_rabin.c src\libtommath\bn_mp_prime_next_prime.c src\libtommath\bn_mp_prime_rabin_miller_trials.c src\libtommath\bn_mp_prime_random_ex.c src\libtommath\bn_mp_radix_size.c src\libtommath\bn_mp_radix_smap.c src\libtommath\bn_mp_rand.c src\libtommath\bn_mp_read_radix.c src\libtommath\bn_mp_read_signed_bin.c src\libtommath\bn_mp_read_unsigned_bin.c src\libtommath\bn_mp_reduce.c src\libtommath\bn_mp_reduce_2k.c src\libtommath\bn_mp_reduce_2k_l.c src\libtommath\bn_mp_reduce_2k_setup.c src\libtommath\bn_mp_reduce_2k_setup_l.c src\libtommath\bn_mp_reduce_is_2k.c src\libtommath\bn_mp_reduce_is_2k_l.c src\libtommath\bn_mp_reduce_setup.c src\libtommath\bn_mp_rshd.c src\libtommath\bn_mp_set.c src\libtommath\bn_mp_set_int.c src\libtommath\bn_mp_shrink.c src\libtommath\bn_mp_signed_bin_size.c src\libtommath\bn_mp_sqr.c src\libtommath\bn_mp_sqrmod.c src\libtommath\bn_mp_sqrt.c src\libtommath\bn_mp_sub.c src\libtommath\bn_mp_sub_d.c src\libtommath\bn_mp_submod.c src\libtommath\bn_mp_to_signed_bin.c src\libtommath\bn_mp_to_signed_bin_n.c src\libtommath\bn_mp_to_unsigned_bin.c src\libtommath\bn_mp_to_unsigned_bin_n.c src\libtommath\bn_mp_toom_mul.c src\libtommath\bn_mp_toom_sqr.c src\libtommath\bn_mp_toradix.c src\libtommath\bn_mp_toradix_n.c src\libtommath\bn_mp_unsigned_bin_size.c src\libtommath\bn_mp_xor.c src\libtommath\bn_mp_zero.c src\libtommath\bn_prime_tab.c src\libtommath\bn_reverse.c src\libtommath\bn_s_mp_add.c src\libtommath\bn_s_mp_exptmod.c src\libtommath\bn_s_mp_mul_digs.c src\libtommath\bn_s_mp_mul_high_digs.c src\libtommath\bn_s_mp_sqr.c src\libtommath\bn_s_mp_sub.c src\libtommath\bncore.c src\lzma\C\LzFind.c src\lzma\C\LzFindMt.c src\lzma\C\LzmaDec.c src\lzma\C\LzmaEnc.c src\lzma\C\Threads.c src\pklib\explode.c src\pklib\implode.c src\zlib\adler32.c src\zlib\compress_zlib.c src\zlib\crc32.c src\zlib\deflate.c src\zlib\inffast.c src\zlib\inflate.c src\zlib\inftrees.c src\zlib\trees.c src\zlib\zutil.c src\jenkins\lookup3.c
         der_encode_bit_string.c
         der_encode_boolean.c
         der_encode_ia5_string.c
         der_encode_integer.c
         der_encode_object_identifier.c
         der_encode_octet_string.c
         der_encode_printable_string.c
         der_encode_sequence_ex.c
         der_encode_sequence_multi.c
         der_encode_set.c
         der_encode_setof.c
         der_encode_short_integer.c
         der_encode_utctime.c
         der_encode_utf8_string.c
     1>src\libtomcrypt\src\pk\asn1\der_encode_utf8_string.c(91): warning C4333: '>>': right shift by too large amount, data loss
         pkcs_1_pss_encode.c
         pkcs_1_v1_5_encode.c
         rsa_sign_hash.c
         blocksort.c
         bzlib.c
         compress.c
         Compiling...
         crctable.c
         decompress.c
         huffman.c
         randtable.c
         hash_memory.c
         md5.c
         sha1.c
         ltm_desc.c
         multi.c
         rand_prime.c
         base64_decode.c
         crypt_argchk.c
         crypt_find_hash.c
         crypt_find_prng.c
         crypt_hash_descriptor.c
         crypt_hash_is_valid.c
         crypt_libc.c
         crypt_ltc_mp_descriptor.c
         crypt_prng_descriptor.c
         crypt_prng_is_valid.c
         Compiling...
         crypt_register_hash.c
         crypt_register_prng.c
         zeromem.c
         der_decode_bit_string.c
         der_decode_boolean.c
         der_decode_choice.c
         der_decode_ia5_string.c
         der_decode_integer.c
         der_decode_object_identifier.c
         der_decode_octet_string.c
         der_decode_printable_string.c
         der_decode_sequence_ex.c
         der_decode_sequence_flexi.c
         der_decode_sequence_multi.c
         der_decode_short_integer.c
         der_decode_utctime.c
         der_decode_utf8_string.c
         der_length_bit_string.c
         der_length_boolean.c
         der_length_ia5_string.c
         Compiling...
         der_length_integer.c
         der_length_object_identifier.c
         der_length_octet_string.c
         der_length_printable_string.c
         der_length_sequence.c
         der_length_short_integer.c
         der_length_utctime.c
         der_length_utf8_string.c
         der_sequence_free.c
         ltc_ecc_map.c
         ltc_ecc_mul2add.c
         ltc_ecc_mulmod.c
         ltc_ecc_points.c
         ltc_ecc_projective_add_point.c
         ltc_ecc_projective_dbl_point.c
         pkcs_1_mgf1.c
         pkcs_1_oaep_decode.c
         pkcs_1_pss_decode.c
         pkcs_1_v1_5_decode.c
         rsa_exptmod.c
         Compiling...
         rsa_free.c
         rsa_import.c
         rsa_make_key.c
         rsa_verify_hash.c
         rsa_verify_simple.c
         bn_fast_mp_invmod.c
         bn_fast_mp_montgomery_reduce.c
         bn_fast_s_mp_mul_digs.c
         bn_fast_s_mp_mul_high_digs.c
         bn_fast_s_mp_sqr.c
         bn_mp_2expt.c
         bn_mp_abs.c
         bn_mp_add.c
         bn_mp_add_d.c
         bn_mp_addmod.c
         bn_mp_and.c
         bn_mp_clamp.c
         bn_mp_clear.c
         bn_mp_clear_multi.c
         bn_mp_cmp.c
         Compiling...
         bn_mp_cmp_d.c
         bn_mp_cmp_mag.c
         bn_mp_cnt_lsb.c
         bn_mp_copy.c
         bn_mp_count_bits.c
         bn_mp_div.c
         bn_mp_div_2.c
         bn_mp_div_2d.c
         bn_mp_div_3.c
         bn_mp_div_d.c
         bn_mp_dr_is_modulus.c
         bn_mp_dr_reduce.c
         bn_mp_dr_setup.c
         bn_mp_exch.c
         bn_mp_expt_d.c
         bn_mp_exptmod.c
         bn_mp_exptmod_fast.c
         bn_mp_exteuclid.c
         bn_mp_fread.c
         bn_mp_fwrite.c
         Compiling...
         bn_mp_gcd.c
         bn_mp_get_int.c
         bn_mp_grow.c
         bn_mp_init.c
         bn_mp_init_copy.c
         bn_mp_init_multi.c
         bn_mp_init_set.c
         bn_mp_init_set_int.c
         bn_mp_init_size.c
         bn_mp_invmod.c
         bn_mp_invmod_slow.c
         bn_mp_is_square.c
         bn_mp_jacobi.c
         bn_mp_karatsuba_mul.c
         bn_mp_karatsuba_sqr.c
         bn_mp_lcm.c
         bn_mp_lshd.c
         bn_mp_mod.c
         bn_mp_mod_2d.c
         bn_mp_mod_d.c
         Compiling...
         bn_mp_montgomery_calc_normalization.c
         bn_mp_montgomery_reduce.c
         bn_mp_montgomery_setup.c
         bn_mp_mul.c
         bn_mp_mul_2.c
         bn_mp_mul_2d.c
         bn_mp_mul_d.c
         bn_mp_mulmod.c
         bn_mp_n_root.c
         bn_mp_neg.c
         bn_mp_or.c
         bn_mp_prime_fermat.c
         bn_mp_prime_is_divisible.c
         bn_mp_prime_is_prime.c
         bn_mp_prime_miller_rabin.c
         bn_mp_prime_next_prime.c
         bn_mp_prime_rabin_miller_trials.c
         bn_mp_prime_random_ex.c
         bn_mp_radix_size.c
         bn_mp_radix_smap.c
         Compiling...
         bn_mp_rand.c
         bn_mp_read_radix.c
         bn_mp_read_signed_bin.c
         bn_mp_read_unsigned_bin.c
         bn_mp_reduce.c
         bn_mp_reduce_2k.c
         bn_mp_reduce_2k_l.c
         bn_mp_reduce_2k_setup.c
         bn_mp_reduce_2k_setup_l.c
         bn_mp_reduce_is_2k.c
         bn_mp_reduce_is_2k_l.c
         bn_mp_reduce_setup.c
         bn_mp_rshd.c
         bn_mp_set.c
         bn_mp_set_int.c
         bn_mp_shrink.c
         bn_mp_signed_bin_size.c
         bn_mp_sqr.c
         bn_mp_sqrmod.c
         bn_mp_sqrt.c
         Compiling...
         bn_mp_sub.c
         bn_mp_sub_d.c
         bn_mp_submod.c
         bn_mp_to_signed_bin.c
         bn_mp_to_signed_bin_n.c
         bn_mp_to_unsigned_bin.c
         bn_mp_to_unsigned_bin_n.c
         bn_mp_toom_mul.c
         bn_mp_toom_sqr.c
         bn_mp_toradix.c
         bn_mp_toradix_n.c
         bn_mp_unsigned_bin_size.c
         bn_mp_xor.c
         bn_mp_zero.c
         bn_prime_tab.c
         bn_reverse.c
         bn_s_mp_add.c
         bn_s_mp_exptmod.c
         bn_s_mp_mul_digs.c
         bn_s_mp_mul_high_digs.c
         Compiling...
         bn_s_mp_sqr.c
         bn_s_mp_sub.c
         bncore.c
         LzFind.c
         LzFindMt.c
         LzmaDec.c
         LzmaEnc.c
         Threads.c
         explode.c
         implode.c
         adler32.c
         compress_zlib.c
         crc32.c
         deflate.c
         inffast.c
         inflate.c
         inftrees.c
         trees.c
         zutil.c
         lookup3.c
         C:\Program Files (x86)\Microsoft Visual Studio 14.0\VC\bin\CL.exe /c /Zi /nologo /W1 /WX- /O2 /Oy- /GL /D WIN32 /D NDEBUG /D _WINDOWS /D _USRDLL /D _WINDLL /D _MBCS /Gm- /EHsc /MT /GS /fp:precise /Zc:wchar_t /Zc:forScope /Zc:inline /Fo"./bin/StormLib_dll/Win32/Release\\" /Fd"./bin/StormLib_dll/Win32/Release\vc140.pdb" /Gd /TP /analyze- /errorReport:prompt src\SBaseSubTypes.cpp src\SFilePatchArchives.cpp src\adpcm\adpcm.cpp src\huffman\huff.cpp src\sparse\sparse.cpp
         SBaseSubTypes.cpp
         SFilePatchArchives.cpp
         adpcm.cpp
         huff.cpp
         sparse.cpp
         C:\Program Files (x86)\Microsoft Visual Studio 14.0\VC\bin\CL.exe /c /Zi /nologo /W4 /WX- /O2 /Oy- /GL /D WIN32 /D NDEBUG /D _WINDOWS /D _USRDLL /D _WINDLL /D _MBCS /Gm- /EHsc /MT /GS /fp:precise /Zc:wchar_t /Zc:forScope /Zc:inline /Fo"./bin/StormLib_dll/Win32/Release\\" /Fd"./bin/StormLib_dll/Win32/Release\vc140.pdb" /Gd /TC /analyze- /errorReport:prompt stormlib_dll\DllMain.c
         DllMain.c
         C:\Program Files (x86)\Microsoft Visual Studio 14.0\VC\bin\CL.exe /c /Zi /nologo /W4 /WX- /O2 /Oy- /GL /D WIN32 /D NDEBUG /D _WINDOWS /D _USRDLL /D _WINDLL /D _MBCS /Gm- /EHsc /MT /GS /fp:precise /Zc:wchar_t /Zc:forScope /Zc:inline /Fo"./bin/StormLib_dll/Win32/Release\\" /Fd"./bin/StormLib_dll/Win32/Release\vc140.pdb" /Gd /TP /analyze- /errorReport:prompt src\FileStream.cpp src\SBaseCommon.cpp src\SBaseFileTable.cpp src\SCompression.cpp src\SFileAddFile.cpp src\SFileAttributes.cpp src\SFileCompactArchive.cpp src\SFileCreateArchive.cpp src\SFileExtractFile.cpp src\SFileFindFile.cpp src\SFileGetFileInfo.cpp src\SFileListFile.cpp src\SFileOpenArchive.cpp src\SFileOpenFileEx.cpp src\SFileReadFile.cpp src\SFileVerify.cpp
         FileStream.cpp
         SBaseCommon.cpp
         SBaseFileTable.cpp
         SCompression.cpp
         SFileAddFile.cpp
         SFileAttributes.cpp
         SFileCompactArchive.cpp
         SFileCreateArchive.cpp
         SFileExtractFile.cpp
         SFileFindFile.cpp
         SFileGetFileInfo.cpp
         SFileListFile.cpp
         SFileOpenArchive.cpp
     1>src\SFileOpenArchive.cpp(212): warning C4456: declaration of 'dwStreamFlags' hides previous local declaration
         src\SFileOpenArchive.cpp(161): note: see declaration of 'dwStreamFlags'
         SFileOpenFileEx.cpp
         SFileReadFile.cpp
         SFileVerify.cpp
       Link:
         C:\Program Files (x86)\Microsoft Visual Studio 14.0\VC\bin\link.exe /ERRORREPORT:PROMPT /OUT:"./bin/StormLib_dll/Win32/Release\StormLib.dll" /INCREMENTAL:NO /NOLOGO kernel32.lib user32.lib gdi32.lib winspool.lib comdlg32.lib advapi32.lib shell32.lib ole32.lib oleaut32.lib uuid.lib odbc32.lib odbccp32.lib /DEF:".\StormLib_dll\StormLib.def" /MANIFEST /MANIFESTUAC:"level='asInvoker' uiAccess='false'" /manifest:embed /Debug /PDB:"./bin/StormLib_dll/Win32/Release\StormLib.pdb" /SUBSYSTEM:WINDOWS /OPT:REF /OPT:ICF /LTCG:incremental /TLBID:1 /DYNAMICBASE:NO /IMPLIB:"./bin/StormLib_dll/Win32/Release\StormLib.lib" /MACHINE:X86 /SAFESEH /DLL ./bin/StormLib_dll/Win32/Release\der_encode_bit_string.obj
         ./bin/StormLib_dll/Win32/Release\der_encode_boolean.obj
         ./bin/StormLib_dll/Win32/Release\der_encode_ia5_string.obj
         ./bin/StormLib_dll/Win32/Release\der_encode_integer.obj
         ./bin/StormLib_dll/Win32/Release\der_encode_object_identifier.obj
         ./bin/StormLib_dll/Win32/Release\der_encode_octet_string.obj
         ./bin/StormLib_dll/Win32/Release\der_encode_printable_string.obj
         ./bin/StormLib_dll/Win32/Release\der_encode_sequence_ex.obj
         ./bin/StormLib_dll/Win32/Release\der_encode_sequence_multi.obj
         ./bin/StormLib_dll/Win32/Release\der_encode_set.obj
         ./bin/StormLib_dll/Win32/Release\der_encode_setof.obj
         ./bin/StormLib_dll/Win32/Release\der_encode_short_integer.obj
         ./bin/StormLib_dll/Win32/Release\der_encode_utctime.obj
         ./bin/StormLib_dll/Win32/Release\der_encode_utf8_string.obj
         ./bin/StormLib_dll/Win32/Release\pkcs_1_pss_encode.obj
         ./bin/StormLib_dll/Win32/Release\pkcs_1_v1_5_encode.obj
         ./bin/StormLib_dll/Win32/Release\rsa_sign_hash.obj
         ./bin/StormLib_dll/Win32/Release\SBaseSubTypes.obj
         ./bin/StormLib_dll/Win32/Release\DllMain.obj
         ./bin/StormLib_dll/Win32/Release\FileStream.obj
         ./bin/StormLib_dll/Win32/Release\SBaseCommon.obj
         ./bin/StormLib_dll/Win32/Release\SBaseFileTable.obj
         ./bin/StormLib_dll/Win32/Release\SCompression.obj
         ./bin/StormLib_dll/Win32/Release\SFileAddFile.obj
         ./bin/StormLib_dll/Win32/Release\SFileAttributes.obj
         ./bin/StormLib_dll/Win32/Release\SFileCompactArchive.obj
         ./bin/StormLib_dll/Win32/Release\SFileCreateArchive.obj
         ./bin/StormLib_dll/Win32/Release\SFileExtractFile.obj
         ./bin/StormLib_dll/Win32/Release\SFileFindFile.obj
         ./bin/StormLib_dll/Win32/Release\SFileGetFileInfo.obj
         ./bin/StormLib_dll/Win32/Release\SFileListFile.obj
         ./bin/StormLib_dll/Win32/Release\SFileOpenArchive.obj
         ./bin/StormLib_dll/Win32/Release\SFileOpenFileEx.obj
         ./bin/StormLib_dll/Win32/Release\SFilePatchArchives.obj
         ./bin/StormLib_dll/Win32/Release\SFileReadFile.obj
         ./bin/StormLib_dll/Win32/Release\SFileVerify.obj
         ./bin/StormLib_dll/Win32/Release\adpcm.obj
         ./bin/StormLib_dll/Win32/Release\blocksort.obj
         ./bin/StormLib_dll/Win32/Release\bzlib.obj
         ./bin/StormLib_dll/Win32/Release\compress.obj
         ./bin/StormLib_dll/Win32/Release\crctable.obj
         ./bin/StormLib_dll/Win32/Release\decompress.obj
         ./bin/StormLib_dll/Win32/Release\huffman.obj
         ./bin/StormLib_dll/Win32/Release\randtable.obj
         ./bin/StormLib_dll/Win32/Release\huff.obj
         ./bin/StormLib_dll/Win32/Release\hash_memory.obj
         ./bin/StormLib_dll/Win32/Release\md5.obj
         ./bin/StormLib_dll/Win32/Release\sha1.obj
         ./bin/StormLib_dll/Win32/Release\ltm_desc.obj
         ./bin/StormLib_dll/Win32/Release\multi.obj
         ./bin/StormLib_dll/Win32/Release\rand_prime.obj
         ./bin/StormLib_dll/Win32/Release\base64_decode.obj
         ./bin/StormLib_dll/Win32/Release\crypt_argchk.obj
         ./bin/StormLib_dll/Win32/Release\crypt_find_hash.obj
         ./bin/StormLib_dll/Win32/Release\crypt_find_prng.obj
         ./bin/StormLib_dll/Win32/Release\crypt_hash_descriptor.obj
         ./bin/StormLib_dll/Win32/Release\crypt_hash_is_valid.obj
         ./bin/StormLib_dll/Win32/Release\crypt_libc.obj
         ./bin/StormLib_dll/Win32/Release\crypt_ltc_mp_descriptor.obj
         ./bin/StormLib_dll/Win32/Release\crypt_prng_descriptor.obj
         ./bin/StormLib_dll/Win32/Release\crypt_prng_is_valid.obj
         ./bin/StormLib_dll/Win32/Release\crypt_register_hash.obj
         ./bin/StormLib_dll/Win32/Release\crypt_register_prng.obj
         ./bin/StormLib_dll/Win32/Release\zeromem.obj
         ./bin/StormLib_dll/Win32/Release\der_decode_bit_string.obj
         ./bin/StormLib_dll/Win32/Release\der_decode_boolean.obj
         ./bin/StormLib_dll/Win32/Release\der_decode_choice.obj
         ./bin/StormLib_dll/Win32/Release\der_decode_ia5_string.obj
         ./bin/StormLib_dll/Win32/Release\der_decode_integer.obj
         ./bin/StormLib_dll/Win32/Release\der_decode_object_identifier.obj
         ./bin/StormLib_dll/Win32/Release\der_decode_octet_string.obj
         ./bin/StormLib_dll/Win32/Release\der_decode_printable_string.obj
         ./bin/StormLib_dll/Win32/Release\der_decode_sequence_ex.obj
         ./bin/StormLib_dll/Win32/Release\der_decode_sequence_flexi.obj
         ./bin/StormLib_dll/Win32/Release\der_decode_sequence_multi.obj
         ./bin/StormLib_dll/Win32/Release\der_decode_short_integer.obj
         ./bin/StormLib_dll/Win32/Release\der_decode_utctime.obj
         ./bin/StormLib_dll/Win32/Release\der_decode_utf8_string.obj
         ./bin/StormLib_dll/Win32/Release\der_length_bit_string.obj
         ./bin/StormLib_dll/Win32/Release\der_length_boolean.obj
         ./bin/StormLib_dll/Win32/Release\der_length_ia5_string.obj
         ./bin/StormLib_dll/Win32/Release\der_length_integer.obj
         ./bin/StormLib_dll/Win32/Release\der_length_object_identifier.obj
         ./bin/StormLib_dll/Win32/Release\der_length_octet_string.obj
         ./bin/StormLib_dll/Win32/Release\der_length_printable_string.obj
         ./bin/StormLib_dll/Win32/Release\der_length_sequence.obj
         ./bin/StormLib_dll/Win32/Release\der_length_short_integer.obj
         ./bin/StormLib_dll/Win32/Release\der_length_utctime.obj
         ./bin/StormLib_dll/Win32/Release\der_length_utf8_string.obj
         ./bin/StormLib_dll/Win32/Release\der_sequence_free.obj
         ./bin/StormLib_dll/Win32/Release\ltc_ecc_map.obj
         ./bin/StormLib_dll/Win32/Release\ltc_ecc_mul2add.obj
         ./bin/StormLib_dll/Win32/Release\ltc_ecc_mulmod.obj
         ./bin/StormLib_dll/Win32/Release\ltc_ecc_points.obj
         ./bin/StormLib_dll/Win32/Release\ltc_ecc_projective_add_point.obj
         ./bin/StormLib_dll/Win32/Release\ltc_ecc_projective_dbl_point.obj
         ./bin/StormLib_dll/Win32/Release\pkcs_1_mgf1.obj
         ./bin/StormLib_dll/Win32/Release\pkcs_1_oaep_decode.obj
         ./bin/StormLib_dll/Win32/Release\pkcs_1_pss_decode.obj
         ./bin/StormLib_dll/Win32/Release\pkcs_1_v1_5_decode.obj
         ./bin/StormLib_dll/Win32/Release\rsa_exptmod.obj
         ./bin/StormLib_dll/Win32/Release\rsa_free.obj
         ./bin/StormLib_dll/Win32/Release\rsa_import.obj
         ./bin/StormLib_dll/Win32/Release\rsa_make_key.obj
         ./bin/StormLib_dll/Win32/Release\rsa_verify_hash.obj
         ./bin/StormLib_dll/Win32/Release\rsa_verify_simple.obj
         ./bin/StormLib_dll/Win32/Release\bn_fast_mp_invmod.obj
         ./bin/StormLib_dll/Win32/Release\bn_fast_mp_montgomery_reduce.obj
         ./bin/StormLib_dll/Win32/Release\bn_fast_s_mp_mul_digs.obj
         ./bin/StormLib_dll/Win32/Release\bn_fast_s_mp_mul_high_digs.obj
         ./bin/StormLib_dll/Win32/Release\bn_fast_s_mp_sqr.obj
         ./bin/StormLib_dll/Win32/Release\bn_mp_2expt.obj
         ./bin/StormLib_dll/Win32/Release\bn_mp_abs.obj
         ./bin/StormLib_dll/Win32/Release\bn_mp_add.obj
         ./bin/StormLib_dll/Win32/Release\bn_mp_add_d.obj
         ./bin/StormLib_dll/Win32/Release\bn_mp_addmod.obj
         ./bin/StormLib_dll/Win32/Release\bn_mp_and.obj
         ./bin/StormLib_dll/Win32/Release\bn_mp_clamp.obj
         ./bin/StormLib_dll/Win32/Release\bn_mp_clear.obj
         ./bin/StormLib_dll/Win32/Release\bn_mp_clear_multi.obj
         ./bin/StormLib_dll/Win32/Release\bn_mp_cmp.obj
         ./bin/StormLib_dll/Win32/Release\bn_mp_cmp_d.obj
         ./bin/StormLib_dll/Win32/Release\bn_mp_cmp_mag.obj
         ./bin/StormLib_dll/Win32/Release\bn_mp_cnt_lsb.obj
         ./bin/StormLib_dll/Win32/Release\bn_mp_copy.obj
         ./bin/StormLib_dll/Win32/Release\bn_mp_count_bits.obj
         ./bin/StormLib_dll/Win32/Release\bn_mp_div.obj
         ./bin/StormLib_dll/Win32/Release\bn_mp_div_2.obj
         ./bin/StormLib_dll/Win32/Release\bn_mp_div_2d.obj
         ./bin/StormLib_dll/Win32/Release\bn_mp_div_3.obj
         ./bin/StormLib_dll/Win32/Release\bn_mp_div_d.obj
         ./bin/StormLib_dll/Win32/Release\bn_mp_dr_is_modulus.obj
         ./bin/StormLib_dll/Win32/Release\bn_mp_dr_reduce.obj
         ./bin/StormLib_dll/Win32/Release\bn_mp_dr_setup.obj
         ./bin/StormLib_dll/Win32/Release\bn_mp_exch.obj
         ./bin/StormLib_dll/Win32/Release\bn_mp_expt_d.obj
         ./bin/StormLib_dll/Win32/Release\bn_mp_exptmod.obj
         ./bin/StormLib_dll/Win32/Release\bn_mp_exptmod_fast.obj
         ./bin/StormLib_dll/Win32/Release\bn_mp_exteuclid.obj
         ./bin/StormLib_dll/Win32/Release\bn_mp_fread.obj
         ./bin/StormLib_dll/Win32/Release\bn_mp_fwrite.obj
         ./bin/StormLib_dll/Win32/Release\bn_mp_gcd.obj
         ./bin/StormLib_dll/Win32/Release\bn_mp_get_int.obj
         ./bin/StormLib_dll/Win32/Release\bn_mp_grow.obj
         ./bin/StormLib_dll/Win32/Release\bn_mp_init.obj
         ./bin/StormLib_dll/Win32/Release\bn_mp_init_copy.obj
         ./bin/StormLib_dll/Win32/Release\bn_mp_init_multi.obj
         ./bin/StormLib_dll/Win32/Release\bn_mp_init_set.obj
         ./bin/StormLib_dll/Win32/Release\bn_mp_init_set_int.obj
         ./bin/StormLib_dll/Win32/Release\bn_mp_init_size.obj
         ./bin/StormLib_dll/Win32/Release\bn_mp_invmod.obj
         ./bin/StormLib_dll/Win32/Release\bn_mp_invmod_slow.obj
         ./bin/StormLib_dll/Win32/Release\bn_mp_is_square.obj
         ./bin/StormLib_dll/Win32/Release\bn_mp_jacobi.obj
         ./bin/StormLib_dll/Win32/Release\bn_mp_karatsuba_mul.obj
         ./bin/StormLib_dll/Win32/Release\bn_mp_karatsuba_sqr.obj
         ./bin/StormLib_dll/Win32/Release\bn_mp_lcm.obj
         ./bin/StormLib_dll/Win32/Release\bn_mp_lshd.obj
         ./bin/StormLib_dll/Win32/Release\bn_mp_mod.obj
         ./bin/StormLib_dll/Win32/Release\bn_mp_mod_2d.obj
         ./bin/StormLib_dll/Win32/Release\bn_mp_mod_d.obj
         ./bin/StormLib_dll/Win32/Release\bn_mp_montgomery_calc_normalization.obj
         ./bin/StormLib_dll/Win32/Release\bn_mp_montgomery_reduce.obj
         ./bin/StormLib_dll/Win32/Release\bn_mp_montgomery_setup.obj
         ./bin/StormLib_dll/Win32/Release\bn_mp_mul.obj
         ./bin/StormLib_dll/Win32/Release\bn_mp_mul_2.obj
         ./bin/StormLib_dll/Win32/Release\bn_mp_mul_2d.obj
         ./bin/StormLib_dll/Win32/Release\bn_mp_mul_d.obj
         ./bin/StormLib_dll/Win32/Release\bn_mp_mulmod.obj
         ./bin/StormLib_dll/Win32/Release\bn_mp_n_root.obj
         ./bin/StormLib_dll/Win32/Release\bn_mp_neg.obj
         ./bin/StormLib_dll/Win32/Release\bn_mp_or.obj
         ./bin/StormLib_dll/Win32/Release\bn_mp_prime_fermat.obj
         ./bin/StormLib_dll/Win32/Release\bn_mp_prime_is_divisible.obj
         ./bin/StormLib_dll/Win32/Release\bn_mp_prime_is_prime.obj
         ./bin/StormLib_dll/Win32/Release\bn_mp_prime_miller_rabin.obj
         ./bin/StormLib_dll/Win32/Release\bn_mp_prime_next_prime.obj
         ./bin/StormLib_dll/Win32/Release\bn_mp_prime_rabin_miller_trials.obj
         ./bin/StormLib_dll/Win32/Release\bn_mp_prime_random_ex.obj
         ./bin/StormLib_dll/Win32/Release\bn_mp_radix_size.obj
         ./bin/StormLib_dll/Win32/Release\bn_mp_radix_smap.obj
         ./bin/StormLib_dll/Win32/Release\bn_mp_rand.obj
         ./bin/StormLib_dll/Win32/Release\bn_mp_read_radix.obj
         ./bin/StormLib_dll/Win32/Release\bn_mp_read_signed_bin.obj
         ./bin/StormLib_dll/Win32/Release\bn_mp_read_unsigned_bin.obj
         ./bin/StormLib_dll/Win32/Release\bn_mp_reduce.obj
         ./bin/StormLib_dll/Win32/Release\bn_mp_reduce_2k.obj
         ./bin/StormLib_dll/Win32/Release\bn_mp_reduce_2k_l.obj
         ./bin/StormLib_dll/Win32/Release\bn_mp_reduce_2k_setup.obj
         ./bin/StormLib_dll/Win32/Release\bn_mp_reduce_2k_setup_l.obj
         ./bin/StormLib_dll/Win32/Release\bn_mp_reduce_is_2k.obj
         ./bin/StormLib_dll/Win32/Release\bn_mp_reduce_is_2k_l.obj
         ./bin/StormLib_dll/Win32/Release\bn_mp_reduce_setup.obj
         ./bin/StormLib_dll/Win32/Release\bn_mp_rshd.obj
         ./bin/StormLib_dll/Win32/Release\bn_mp_set.obj
         ./bin/StormLib_dll/Win32/Release\bn_mp_set_int.obj
         ./bin/StormLib_dll/Win32/Release\bn_mp_shrink.obj
         ./bin/StormLib_dll/Win32/Release\bn_mp_signed_bin_size.obj
         ./bin/StormLib_dll/Win32/Release\bn_mp_sqr.obj
         ./bin/StormLib_dll/Win32/Release\bn_mp_sqrmod.obj
         ./bin/StormLib_dll/Win32/Release\bn_mp_sqrt.obj
         ./bin/StormLib_dll/Win32/Release\bn_mp_sub.obj
         ./bin/StormLib_dll/Win32/Release\bn_mp_sub_d.obj
         ./bin/StormLib_dll/Win32/Release\bn_mp_submod.obj
         ./bin/StormLib_dll/Win32/Release\bn_mp_to_signed_bin.obj
         ./bin/StormLib_dll/Win32/Release\bn_mp_to_signed_bin_n.obj
         ./bin/StormLib_dll/Win32/Release\bn_mp_to_unsigned_bin.obj
         ./bin/StormLib_dll/Win32/Release\bn_mp_to_unsigned_bin_n.obj
         ./bin/StormLib_dll/Win32/Release\bn_mp_toom_mul.obj
         ./bin/StormLib_dll/Win32/Release\bn_mp_toom_sqr.obj
         ./bin/StormLib_dll/Win32/Release\bn_mp_toradix.obj
         ./bin/StormLib_dll/Win32/Release\bn_mp_toradix_n.obj
         ./bin/StormLib_dll/Win32/Release\bn_mp_unsigned_bin_size.obj
         ./bin/StormLib_dll/Win32/Release\bn_mp_xor.obj
         ./bin/StormLib_dll/Win32/Release\bn_mp_zero.obj
         ./bin/StormLib_dll/Win32/Release\bn_prime_tab.obj
         ./bin/StormLib_dll/Win32/Release\bn_reverse.obj
         ./bin/StormLib_dll/Win32/Release\bn_s_mp_add.obj
         ./bin/StormLib_dll/Win32/Release\bn_s_mp_exptmod.obj
         ./bin/StormLib_dll/Win32/Release\bn_s_mp_mul_digs.obj
         ./bin/StormLib_dll/Win32/Release\bn_s_mp_mul_high_digs.obj
         ./bin/StormLib_dll/Win32/Release\bn_s_mp_sqr.obj
         ./bin/StormLib_dll/Win32/Release\bn_s_mp_sub.obj
         ./bin/StormLib_dll/Win32/Release\bncore.obj
         ./bin/StormLib_dll/Win32/Release\LzFind.obj
         ./bin/StormLib_dll/Win32/Release\LzFindMt.obj
         ./bin/StormLib_dll/Win32/Release\LzmaDec.obj
         ./bin/StormLib_dll/Win32/Release\LzmaEnc.obj
         ./bin/StormLib_dll/Win32/Release\Threads.obj
         ./bin/StormLib_dll/Win32/Release\explode.obj
         ./bin/StormLib_dll/Win32/Release\implode.obj
         ./bin/StormLib_dll/Win32/Release\sparse.obj
         ./bin/StormLib_dll/Win32/Release\adler32.obj
         ./bin/StormLib_dll/Win32/Release\compress_zlib.obj
         ./bin/StormLib_dll/Win32/Release\crc32.obj
         ./bin/StormLib_dll/Win32/Release\deflate.obj
         ./bin/StormLib_dll/Win32/Release\inffast.obj
         ./bin/StormLib_dll/Win32/Release\inflate.obj
         ./bin/StormLib_dll/Win32/Release\inftrees.obj
         ./bin/StormLib_dll/Win32/Release\trees.obj
         ./bin/StormLib_dll/Win32/Release\zutil.obj
         ./bin/StormLib_dll/Win32/Release\lookup3.obj
            Creating library ./bin/StormLib_dll/Win32/Release\StormLib.lib and object ./bin/StormLib_dll/Win32/Release\StormLib.exp
         Generating code
         All 890 functions were compiled because no usable IPDB/IOBJ from previous compilation was found.
         Finished generating code
         StormLib_dll.vcxproj -> G:\Development\StormLib\./bin/StormLib_dll/Win32/Release\StormLib.dll
     1>Done Building Project "G:\Development\StormLib\StormLib_dll.vcxproj" (Build target(s)).

Build succeeded.

Time Elapsed 00:00:31.16
